[xmldom warning]	unclosed xml attribute 
@#[line:5,col:3]
[xmldom warning]	unclosed xml attribute 
@#[line:7,col:3]
[xmldom warning]	unclosed xml attribute 
@#[line:10,col:1]
[xmldom warning]	attribute "defer" missed value!! "defer" instead!! 
@#[line:31,col:145]
[xmldom warning]	unclosed xml attribute 
@#[line:486,col:711]
[xmldom error]	entity not found:&nbsp; 
@#[line:486,col:1328]
[xmldom warning]	unclosed xml attribute 
@#[line:5,col:3]
[xmldom warning]	unclosed xml attribute 
@#[line:7,col:3]
[xmldom warning]	unclosed xml attribute 
@#[line:10,col:1]
[xmldom error]	entity not found:&mdash; 
@#[line:12,col:1]
[xmldom error]	entity not found:&mdash; 
@#[line:16,col:1]
[xmldom warning]	attribute "defer" missed value!! "defer" instead!! 
@#[line:31,col:145]
[xmldom warning]	unclosed xml attribute 
@#[line:5,col:3]
[xmldom warning]	unclosed xml attribute 
@#[line:7,col:3]
[xmldom warning]	unclosed xml attribute 
@#[line:10,col:1]
[xmldom error]	entity not found:&mdash; 
@#[line:12,col:1]
[xmldom error]	entity not found:&mdash; 
@#[line:16,col:1]
[xmldom warning]	attribute "defer" missed value!! "defer" instead!! 
@#[line:31,col:145]
[xmldom error]	entity not found:&nbsp; 
@#[line:1577,col:698]
[xmldom warning]	unclosed xml attribute 
@#[line:5,col:3]
[xmldom warning]	unclosed xml attribute 
@#[line:7,col:3]
[xmldom warning]	unclosed xml attribute 
@#[line:10,col:1]
[xmldom error]	entity not found:&mdash; 
@#[line:12,col:1]
[xmldom error]	entity not found:&mdash; 
@#[line:16,col:1]
[xmldom warning]	attribute "defer" missed value!! "defer" instead!! 
@#[line:31,col:145]
[xmldom error]	entity not found:&nbsp; 
@#[line:782,col:168]
[xmldom error]	entity not found:&nbsp; 
@#[line:961,col:180]
[xmldom error]	entity not found:&nbsp; 
@#[line:1216,col:483]
[xmldom warning]	unclosed xml attribute 
@#[line:1319,col:221]
[xmldom warning]	unclosed xml attribute 
@#[line:5,col:3]
[xmldom warning]	unclosed xml attribute 
@#[line:7,col:3]
[xmldom warning]	unclosed xml attribute 
@#[line:10,col:1]
[xmldom error]	entity not found:&mdash; 
@#[line:12,col:1]
[xmldom error]	entity not found:&mdash; 
@#[line:16,col:1]
[xmldom warning]	attribute "defer" missed value!! "defer" instead!! 
@#[line:31,col:145]
[xmldom error]	entity not found:&nbsp; 
@#[line:415,col:1259]
[xmldom error]	entity not found:&nbsp; 
@#[line:415,col:1259]
[xmldom error]	entity not found:&nbsp; 
@#[line:415,col:1259]
[xmldom error]	entity not found:&nbsp; 
@#[line:415,col:1259]
[xmldom warning]	attribute "data-scrolled" missed value!! "data-scrolled" instead2!! 
@#[line:531,col:7]
[xmldom warning]	attribute "data-scrolled" missed value!! "data-scrolled" instead2!! 
@#[line:596,col:7]
[xmldom error]	entity not found:&nbsp; 
@#[line:648,col:315]
[xmldom error]	entity not found:&nbsp; 
@#[line:648,col:315]
[xmldom warning]	attribute "data-scrolled" missed value!! "data-scrolled" instead2!! 
@#[line:867,col:7]
[xmldom warning]	attribute "data-scrolled" missed value!! "data-scrolled" instead2!! 
@#[line:932,col:7]
[xmldom warning]	unclosed xml attribute 
@#[line:5,col:3]
[xmldom warning]	unclosed xml attribute 
@#[line:7,col:3]
[xmldom warning]	unclosed xml attribute 
@#[line:10,col:1]
[xmldom error]	entity not found:&mdash; 
@#[line:12,col:1]
[xmldom error]	entity not found:&mdash; 
@#[line:16,col:1]
[xmldom warning]	attribute "defer" missed value!! "defer" instead!! 
@#[line:31,col:145]
[xmldom error]	entity not found:&nbsp; 
@#[line:491,col:307]
[xmldom error]	entity not found:&nbsp; 
@#[line:509,col:696]
[xmldom error]	entity not found:&nbsp; 
@#[line:509,col:696]
[xmldom error]	entity not found:&nbsp; 
@#[line:509,col:696]
[xmldom error]	entity not found:&nbsp; 
@#[line:509,col:696]
[xmldom error]	entity not found:&nbsp; 
@#[line:764,col:304]
[xmldom error]	entity not found:&nbsp; 
@#[line:764,col:304]
[xmldom error]	entity not found:&nbsp; 
@#[line:867,col:726]
[xmldom error]	entity not found:&nbsp; 
@#[line:867,col:726]
[xmldom error]	entity not found:&nbsp; 
@#[line:867,col:726]
[xmldom error]	entity not found:&nbsp; 
@#[line:1122,col:312]
[xmldom error]	entity not found:&nbsp; 
@#[line:1122,col:312]
[xmldom error]	entity not found:&nbsp; 
@#[line:1122,col:312]
[xmldom error]	entity not found:&nbsp; 
@#[line:1122,col:312]
[xmldom error]	entity not found:&nbsp; 
@#[line:1480,col:295]
[xmldom error]	entity not found:&nbsp; 
@#[line:1480,col:295]
[xmldom error]	entity not found:&nbsp; 
@#[line:1480,col:295]
[xmldom error]	entity not found:&nbsp; 
@#[line:1583,col:705]
[xmldom error]	entity not found:&nbsp; 
@#[line:1583,col:705]
[xmldom error]	entity not found:&nbsp; 
@#[line:1583,col:705]
[xmldom warning]	attribute "data-scrolled" missed value!! "data-scrolled" instead2!! 
@#[line:1699,col:7]
[xmldom warning]	attribute "data-scrolled" missed value!! "data-scrolled" instead2!! 
@#[line:1764,col:7]
[xmldom error]	entity not found:&nbsp; 
@#[line:1919,col:705]
[xmldom warning]	attribute "data-scrolled" missed value!! "data-scrolled" instead2!! 
@#[line:2035,col:7]
[xmldom error]	entity not found:&nbsp; 
@#[line:2087,col:227]
[xmldom error]	entity not found:&nbsp; 
@#[line:2087,col:436]
[xmldom error]	entity not found:&nbsp; 
@#[line:2087,col:605]
[xmldom error]	entity not found:&nbsp; 
@#[line:2117,col:184]
[xmldom warning]	unclosed xml attribute 
@#[line:5,col:3]
[xmldom warning]	unclosed xml attribute 
@#[line:7,col:3]
[xmldom warning]	unclosed xml attribute 
@#[line:10,col:1]
[xmldom error]	entity not found:&mdash; 
@#[line:12,col:1]
[xmldom error]	entity not found:&mdash; 
@#[line:16,col:1]
[xmldom warning]	attribute "defer" missed value!! "defer" instead!! 
@#[line:31,col:145]
[xmldom error]	entity not found:&nbsp; 
@#[line:491,col:540]
[xmldom error]	entity not found:&nbsp; 
@#[line:594,col:239]
[xmldom error]	entity not found:&nbsp; 
@#[line:594,col:448]
[xmldom error]	entity not found:&nbsp; 
@#[line:594,col:617]
[xmldom error]	entity not found:&nbsp; 
@#[line:624,col:184]
[xmldom warning]	unclosed xml attribute 
@#[line:5,col:3]
[xmldom warning]	unclosed xml attribute 
@#[line:7,col:3]
[xmldom warning]	unclosed xml attribute 
@#[line:10,col:1]
[xmldom error]	entity not found:&mdash; 
@#[line:12,col:1]
[xmldom error]	entity not found:&mdash; 
@#[line:16,col:1]
[xmldom warning]	attribute "defer" missed value!! "defer" instead!! 
@#[line:31,col:145]
[xmldom error]	entity not found:&nbsp; 
@#[line:585,col:288]
[xmldom error]	entity not found:&nbsp; 
@#[line:585,col:288]
[xmldom error]	entity not found:&nbsp; 
@#[line:585,col:288]
[xmldom error]	entity not found:&nbsp; 
@#[line:585,col:288]
[xmldom error]	entity not found:&nbsp; 
@#[line:603,col:227]
[xmldom error]	entity not found:&nbsp; 
@#[line:603,col:436]
[xmldom error]	entity not found:&nbsp; 
@#[line:603,col:605]
[xmldom error]	entity not found:&nbsp; 
@#[line:633,col:184]
